<?xml version="1.0" encoding="UTF-8"?>
<testng-results ignored="0" total="1" passed="1" failed="0" skipped="0">
  <reporter-output>
  </reporter-output>
  <suite started-at="2021-08-17T23:40:24 PDT" name="Default suite" finished-at="2021-08-17T23:40:35 PDT" duration-ms="11631">
    <groups>
    </groups>
    <test started-at="2021-08-17T23:40:24 PDT" name="Default test" finished-at="2021-08-17T23:40:35 PDT" duration-ms="11631">
      <class name="TitleTest">
        <test-method signature="testing()[pri:0, instance:TitleTest@2525ff7e]" started-at="2021-08-17T23:40:24 PDT" name="testing" finished-at="2021-08-17T23:40:35 PDT" duration-ms="11565" status="PASS">
          <reporter-output>
          </reporter-output>
        </test-method> <!-- testing -->
      </class> <!-- TitleTest -->
    </test> <!-- Default test -->
  </suite> <!-- Default suite -->
</testng-results>
